#-----------------------------------------------------------
# Vivado v2023.2_AR000035847 (64-bit)
# SW Build 4029153 on Fri Oct 13 20:14:34 MDT 2023
# IP Build 4028589 on Sat Oct 14 00:45:43 MDT 2023
# SharedData Build 4025554 on Tue Oct 10 17:18:54 MDT 2023
# Start of session at: Tue Feb  6 15:23:19 2024
# Process ID: 584
# Current directory: C:/Users/Al-YeeTan/Desktop/CSI 2.5G MIPI/au25p_mipi_csi_2-5g
# Command line: vivado.exe -gui_launcher_event rodinguilauncherevent29876 C:\Users\Al-YeeTan\Desktop\CSI 2.5G MIPI\au25p_mipi_csi_2-5g\MIPI_loopback_2-5g.xpr
# Log file: C:/Users/Al-YeeTan/Desktop/CSI 2.5G MIPI/au25p_mipi_csi_2-5g/vivado.log
# Journal file: C:/Users/Al-YeeTan/Desktop/CSI 2.5G MIPI/au25p_mipi_csi_2-5g\vivado.jou
# Running On: ETSB-153, OS: Windows, CPU Frequency: 1996 MHz, CPU Physical cores: 12, Host memory: 15919 MB
#-----------------------------------------------------------
start_gui
open_project {C:/Users/Al-YeeTan/Desktop/CSI 2.5G MIPI/au25p_mipi_csi_2-5g/MIPI_loopback_2-5g.xpr}
WARNING: [Board 49-26] cannot add Board Part xilinx.com:kc705:part0:1.6 available at C:/Xilinx/Vivado/2023.2/data/xhub/boards/XilinxBoardStore/boards/Xilinx/kc705/1.6/board.xml as part xc7k325tffg900-2 specified in board_part file is either invalid or not available
WARNING: [Board 49-26] cannot add Board Part xilinx.com:kcu105:part0:1.6 available at C:/Xilinx/Vivado/2023.2/data/xhub/boards/XilinxBoardStore/boards/Xilinx/kcu105/1.6/board.xml as part xcku040-ffva1156-2-e specified in board_part file is either invalid or not available
WARNING: [Board 49-26] cannot add Board Part xilinx.com:kcu105:part0:1.7 available at C:/Xilinx/Vivado/2023.2/data/xhub/boards/XilinxBoardStore/boards/Xilinx/kcu105/1.7/board.xml as part xcku040-ffva1156-2-e specified in board_part file is either invalid or not available
WARNING: [Board 49-26] cannot add Board Part xilinx.com:kcu1500:part0:1.2 available at C:/Xilinx/Vivado/2023.2/data/xhub/boards/XilinxBoardStore/boards/Xilinx/kcu1500/1.2/board.xml as part xcku115-flvb2104-2-e specified in board_part file is either invalid or not available
WARNING: [Board 49-26] cannot add Board Part xilinx.com:vc707:part0:1.4 available at C:/Xilinx/Vivado/2023.2/data/xhub/boards/XilinxBoardStore/boards/Xilinx/vc707/1.4/board.xml as part xc7vx485tffg1761-2 specified in board_part file is either invalid or not available
WARNING: [Board 49-26] cannot add Board Part xilinx.com:vc709:part0:1.8 available at C:/Xilinx/Vivado/2023.2/data/xhub/boards/XilinxBoardStore/boards/Xilinx/vc709/1.8/board.xml as part xc7vx690tffg1761-2 specified in board_part file is either invalid or not available
WARNING: [Board 49-26] cannot add Board Part xilinx.com:vck190:part0:2.2 available at C:/Xilinx/Vivado/2023.2/data/xhub/boards/XilinxBoardStore/boards/Xilinx/vck190/production/2.2/board.xml as part xcvc1902-vsva2197-2mp-e-s specified in board_part file is either invalid or not available
WARNING: [Board 49-26] cannot add Board Part xilinx.com:vck190:part0:3.0 available at C:/Xilinx/Vivado/2023.2/data/xhub/boards/XilinxBoardStore/boards/Xilinx/vck190/production/3.0/board.xml as part xcvc1902-vsva2197-2mp-e-s specified in board_part file is either invalid or not available
WARNING: [Board 49-26] cannot add Board Part xilinx.com:vck190:part0:3.1 available at C:/Xilinx/Vivado/2023.2/data/xhub/boards/XilinxBoardStore/boards/Xilinx/vck190/production/3.1/board.xml as part xcvc1902-vsva2197-2mp-e-s specified in board_part file is either invalid or not available
WARNING: [Board 49-26] cannot add Board Part xilinx.com:vck190:part0:3.2 available at C:/Xilinx/Vivado/2023.2/data/xhub/boards/XilinxBoardStore/boards/Xilinx/vck190/production/3.2/board.xml as part xcvc1902-vsva2197-2mp-e-s specified in board_part file is either invalid or not available
WARNING: [Board 49-26] cannot add Board Part xilinx.com:vck190_newl:part0:1.0 available at C:/Xilinx/Vivado/2023.2/data/xhub/boards/XilinxBoardStore/boards/Xilinx/vck190_newl/production/1.0/board.xml as part xcvc1902-vsva2197-2mp-e-s specified in board_part file is either invalid or not available
WARNING: [Board 49-26] cannot add Board Part xilinx.com:vck190_newl:part0:1.1 available at C:/Xilinx/Vivado/2023.2/data/xhub/boards/XilinxBoardStore/boards/Xilinx/vck190_newl/production/1.1/board.xml as part xcvc1902-vsva2197-2mp-e-s specified in board_part file is either invalid or not available
WARNING: [Board 49-26] cannot add Board Part xilinx.com:vcu108:part0:1.6 available at C:/Xilinx/Vivado/2023.2/data/xhub/boards/XilinxBoardStore/boards/Xilinx/vcu108/1.6/board.xml as part xcvu095-ffva2104-2-e specified in board_part file is either invalid or not available
WARNING: [Board 49-26] cannot add Board Part xilinx.com:vcu108:part0:1.7 available at C:/Xilinx/Vivado/2023.2/data/xhub/boards/XilinxBoardStore/boards/Xilinx/vcu108/1.7/board.xml as part xcvu095-ffva2104-2-e specified in board_part file is either invalid or not available
WARNING: [Board 49-26] cannot add Board Part xilinx.com:vcu110:part0:1.4 available at C:/Xilinx/Vivado/2023.2/data/xhub/boards/XilinxBoardStore/boards/Xilinx/vcu110/1.4/board.xml as part xcvu190-flgc2104-2-e specified in board_part file is either invalid or not available
WARNING: [Board 49-26] cannot add Board Part xilinx.com:vcu118:part0:2.0 available at C:/Xilinx/Vivado/2023.2/data/xhub/boards/XilinxBoardStore/boards/Xilinx/vcu118/2.0/board.xml as part xcvu9p-flga2104-2l-e specified in board_part file is either invalid or not available
WARNING: [Board 49-26] cannot add Board Part xilinx.com:vcu118:part0:2.3 available at C:/Xilinx/Vivado/2023.2/data/xhub/boards/XilinxBoardStore/boards/Xilinx/vcu118/2.3/board.xml as part xcvu9p-flga2104-2l-e specified in board_part file is either invalid or not available
WARNING: [Board 49-26] cannot add Board Part xilinx.com:vcu118:part0:2.4 available at C:/Xilinx/Vivado/2023.2/data/xhub/boards/XilinxBoardStore/boards/Xilinx/vcu118/2.4/board.xml as part xcvu9p-flga2104-2l-e specified in board_part file is either invalid or not available
WARNING: [Board 49-26] cannot add Board Part xilinx.com:vcu129:part0:1.0 available at C:/Xilinx/Vivado/2023.2/data/xhub/boards/XilinxBoardStore/boards/Xilinx/vcu129/production/1.0/board.xml as part xcvu29p-fsga2577-2l-e specified in board_part file is either invalid or not available
WARNING: [Board 49-26] cannot add Board Part xilinx.com:vcu1525:part0:1.3 available at C:/Xilinx/Vivado/2023.2/data/xhub/boards/XilinxBoardStore/boards/Xilinx/vcu1525/1.3/board.xml as part xcvu9p-fsgd2104-2l-e specified in board_part file is either invalid or not available
WARNING: [Board 49-26] cannot add Board Part xilinx.com:vek280:part0:1.0 available at C:/Xilinx/Vivado/2023.2/data/xhub/boards/XilinxBoardStore/boards/Xilinx/vek280/production/1.0/board.xml as part xcve2802-vsvh1760-2mp-e-s specified in board_part file is either invalid or not available
WARNING: [Board 49-26] cannot add Board Part xilinx.com:vek280_es:part0:1.0 available at C:/Xilinx/Vivado/2023.2/data/xhub/boards/XilinxBoardStore/boards/Xilinx/vek280/es/rev_a/1.0/board.xml as part xcve2802-vsvh1760-2lp-e-s-es1 specified in board_part file is either invalid or not available
WARNING: [Board 49-26] cannot add Board Part xilinx.com:vek280_es:part0:1.1 available at C:/Xilinx/Vivado/2023.2/data/xhub/boards/XilinxBoardStore/boards/Xilinx/vek280/es/rev_a/1.1/board.xml as part xcve2802-vsvh1760-2lp-e-s-es1 specified in board_part file is either invalid or not available
WARNING: [Board 49-26] cannot add Board Part xilinx.com:vek280_es_revb:part0:1.0 available at C:/Xilinx/Vivado/2023.2/data/xhub/boards/XilinxBoardStore/boards/Xilinx/vek280/es/rev_b/1.0/board.xml as part xcve2802-vsvh1760-2mp-e-s-es1 specified in board_part file is either invalid or not available
WARNING: [Board 49-26] cannot add Board Part xilinx.com:vek280_es_revb:part0:1.1 available at C:/Xilinx/Vivado/2023.2/data/xhub/boards/XilinxBoardStore/boards/Xilinx/vek280/es/rev_b/1.1/board.xml as part xcve2802-vsvh1760-2mp-e-s-es1 specified in board_part file is either invalid or not available
WARNING: [Board 49-26] cannot add Board Part xilinx.com:vermeo_t1_mpsoc:part0:1.0 available at C:/Xilinx/Vivado/2023.2/data/xhub/boards/XilinxBoardStore/boards/Xilinx/vermeo_t1_mpsoc/1.0/board.xml as part xczu19eg-ffvd1760-2l-e specified in board_part file is either invalid or not available
WARNING: [Board 49-26] cannot add Board Part xilinx.com:vermeo_t1_rfsoc:part0:1.0 available at C:/Xilinx/Vivado/2023.2/data/xhub/boards/XilinxBoardStore/boards/Xilinx/vermeo_t1_rfsoc/1.0/board.xml as part xczu21dr-ffvd1156-2l-e specified in board_part file is either invalid or not available
WARNING: [Board 49-26] cannot add Board Part xilinx.com:vhk158:part0:1.0 available at C:/Xilinx/Vivado/2023.2/data/xhub/boards/XilinxBoardStore/boards/Xilinx/vhk158/production/1.0/board.xml as part xcvh1582-vsva3697-2mp-e-s specified in board_part file is either invalid or not available
WARNING: [Board 49-26] cannot add Board Part xilinx.com:vhk158:part0:1.1 available at C:/Xilinx/Vivado/2023.2/data/xhub/boards/XilinxBoardStore/boards/Xilinx/vhk158/production/1.1/board.xml as part xcvh1582-vsva3697-2mp-e-s specified in board_part file is either invalid or not available
WARNING: [Board 49-26] cannot add Board Part xilinx.com:vhk158_es:part0:1.0 available at C:/Xilinx/Vivado/2023.2/data/xhub/boards/XilinxBoardStore/boards/Xilinx/vhk158/es/1.0/board.xml as part xcvh1582-vsva3697-2mp-e-s-es1 specified in board_part file is either invalid or not available
WARNING: [Board 49-26] cannot add Board Part xilinx.com:vhk158_es:part0:1.1 available at C:/Xilinx/Vivado/2023.2/data/xhub/boards/XilinxBoardStore/boards/Xilinx/vhk158/es/1.1/board.xml as part xcvh1582-vsva3697-2mp-e-s-es1 specified in board_part file is either invalid or not available
WARNING: [Board 49-26] cannot add Board Part xilinx.com:vmk180:part0:2.2 available at C:/Xilinx/Vivado/2023.2/data/xhub/boards/XilinxBoardStore/boards/Xilinx/vmk180/production/2.2/board.xml as part xcvm1802-vsva2197-2mp-e-s specified in board_part file is either invalid or not available
WARNING: [Board 49-26] cannot add Board Part xilinx.com:vmk180:part0:3.0 available at C:/Xilinx/Vivado/2023.2/data/xhub/boards/XilinxBoardStore/boards/Xilinx/vmk180/production/3.0/board.xml as part xcvm1802-vsva2197-2mp-e-s specified in board_part file is either invalid or not available
WARNING: [Board 49-26] cannot add Board Part xilinx.com:vmk180:part0:3.1 available at C:/Xilinx/Vivado/2023.2/data/xhub/boards/XilinxBoardStore/boards/Xilinx/vmk180/production/3.1/board.xml as part xcvm1802-vsva2197-2mp-e-s specified in board_part file is either invalid or not available
WARNING: [Board 49-26] cannot add Board Part xilinx.com:vmk180:part0:3.2 available at C:/Xilinx/Vivado/2023.2/data/xhub/boards/XilinxBoardStore/boards/Xilinx/vmk180/production/3.2/board.xml as part xcvm1802-vsva2197-2mp-e-s specified in board_part file is either invalid or not available
WARNING: [Board 49-26] cannot add Board Part xilinx.com:vmk180_newl:part0:1.0 available at C:/Xilinx/Vivado/2023.2/data/xhub/boards/XilinxBoardStore/boards/Xilinx/vmk180_newl/production/1.0/board.xml as part xcvm1802-vsva2197-2mp-e-s specified in board_part file is either invalid or not available
WARNING: [Board 49-26] cannot add Board Part xilinx.com:vmk180_newl:part0:1.1 available at C:/Xilinx/Vivado/2023.2/data/xhub/boards/XilinxBoardStore/boards/Xilinx/vmk180_newl/production/1.1/board.xml as part xcvm1802-vsva2197-2mp-e-s specified in board_part file is either invalid or not available
WARNING: [Board 49-26] cannot add Board Part xilinx.com:vpk120:part0:1.0 available at C:/Xilinx/Vivado/2023.2/data/xhub/boards/XilinxBoardStore/boards/Xilinx/vpk120/production/1.0/board.xml as part xcvp1202-vsva2785-2mp-e-s specified in board_part file is either invalid or not available
WARNING: [Board 49-26] cannot add Board Part xilinx.com:vpk120:part0:1.1 available at C:/Xilinx/Vivado/2023.2/data/xhub/boards/XilinxBoardStore/boards/Xilinx/vpk120/production/1.1/board.xml as part xcvp1202-vsva2785-2mp-e-s specified in board_part file is either invalid or not available
WARNING: [Board 49-26] cannot add Board Part xilinx.com:vpk120:part0:1.2 available at C:/Xilinx/Vivado/2023.2/data/xhub/boards/XilinxBoardStore/boards/Xilinx/vpk120/production/1.2/board.xml as part xcvp1202-vsva2785-2mp-e-s specified in board_part file is either invalid or not available
WARNING: [Board 49-26] cannot add Board Part xilinx.com:vpk180:part0:1.0 available at C:/Xilinx/Vivado/2023.2/data/xhub/boards/XilinxBoardStore/boards/Xilinx/vpk180/production/1.0/board.xml as part xcvp1802-lsvc4072-2mp-e-s specified in board_part file is either invalid or not available
WARNING: [Board 49-26] cannot add Board Part xilinx.com:vpk180:part0:1.1 available at C:/Xilinx/Vivado/2023.2/data/xhub/boards/XilinxBoardStore/boards/Xilinx/vpk180/production/1.1/board.xml as part xcvp1802-lsvc4072-2mp-e-s specified in board_part file is either invalid or not available
WARNING: [Board 49-26] cannot add Board Part xilinx.com:zc706:part0:1.4 available at C:/Xilinx/Vivado/2023.2/data/xhub/boards/XilinxBoardStore/boards/Xilinx/zc706/1.4/board.xml as part xc7z045ffg900-2 specified in board_part file is either invalid or not available
WARNING: [Board 49-26] cannot add Board Part xilinx.com:zcu102:part0:3.3 available at C:/Xilinx/Vivado/2023.2/data/xhub/boards/XilinxBoardStore/boards/Xilinx/zcu102/3.3/board.xml as part xczu9eg-ffvb1156-2-e specified in board_part file is either invalid or not available
WARNING: [Board 49-26] cannot add Board Part xilinx.com:zcu102:part0:3.4 available at C:/Xilinx/Vivado/2023.2/data/xhub/boards/XilinxBoardStore/boards/Xilinx/zcu102/3.4/board.xml as part xczu9eg-ffvb1156-2-e specified in board_part file is either invalid or not available
WARNING: [Board 49-26] cannot add Board Part xilinx.com:zcu111:part0:1.2 available at C:/Xilinx/Vivado/2023.2/data/xhub/boards/XilinxBoardStore/boards/Xilinx/zcu111/1.2/board.xml as part xczu28dr-ffvg1517-2-e specified in board_part file is either invalid or not available
WARNING: [Board 49-26] cannot add Board Part xilinx.com:zcu111:part0:1.3 available at C:/Xilinx/Vivado/2023.2/data/xhub/boards/XilinxBoardStore/boards/Xilinx/zcu111/1.3/board.xml as part xczu28dr-ffvg1517-2-e specified in board_part file is either invalid or not available
WARNING: [Board 49-26] cannot add Board Part xilinx.com:zcu111:part0:1.4 available at C:/Xilinx/Vivado/2023.2/data/xhub/boards/XilinxBoardStore/boards/Xilinx/zcu111/1.4/board.xml as part xczu28dr-ffvg1517-2-e specified in board_part file is either invalid or not available
WARNING: [Board 49-26] cannot add Board Part xilinx.com:zcu1275:part0:1.0 available at C:/Xilinx/Vivado/2023.2/data/xhub/boards/XilinxBoardStore/boards/Xilinx/zcu1275/1.0/board.xml as part xczu29dr-ffvf1760-2-e specified in board_part file is either invalid or not available
WARNING: [Board 49-26] cannot add Board Part xilinx.com:zcu1285:part0:1.0 available at C:/Xilinx/Vivado/2023.2/data/xhub/boards/XilinxBoardStore/boards/Xilinx/zcu1285/1.0/board.xml as part xczu39dr-ffvf1760-2-i specified in board_part file is either invalid or not available
WARNING: [Board 49-26] cannot add Board Part xilinx.com:zcu208:part0:2.0 available at C:/Xilinx/Vivado/2023.2/data/xhub/boards/XilinxBoardStore/boards/Xilinx/zcu208/production/2.0/board.xml as part xczu48dr-fsvg1517-2-e specified in board_part file is either invalid or not available
WARNING: [Board 49-26] cannot add Board Part xilinx.com:zcu208ld:part0:2.0 available at C:/Xilinx/Vivado/2023.2/data/xhub/boards/XilinxBoardStore/boards/Xilinx/zcu208ld/production/2.0/board.xml as part xczu58dr-fsvg1517-2-i specified in board_part file is either invalid or not available
WARNING: [Board 49-26] cannot add Board Part xilinx.com:zcu216:part0:2.0 available at C:/Xilinx/Vivado/2023.2/data/xhub/boards/XilinxBoardStore/boards/Xilinx/zcu216/production/2.0/board.xml as part xczu49dr-ffvf1760-2-e specified in board_part file is either invalid or not available
WARNING: [Board 49-26] cannot add Board Part xilinx.com:zcu216ld:part0:2.0 available at C:/Xilinx/Vivado/2023.2/data/xhub/boards/XilinxBoardStore/boards/Xilinx/zcu216ld/production/2.0/board.xml as part xczu59dr-ffvf1760-2-i specified in board_part file is either invalid or not available
WARNING: [Board 49-26] cannot add Board Part xilinx.com:zcu670:part0:2.0 available at C:/Xilinx/Vivado/2023.2/data/xhub/boards/XilinxBoardStore/boards/Xilinx/zcu670/2.0/board.xml as part xczu67dr-fsve1156-2-i specified in board_part file is either invalid or not available
WARNING: [Board 49-26] cannot add Board Part xilinx.com:zcu670ld:part0:1.0 available at C:/Xilinx/Vivado/2023.2/data/xhub/boards/XilinxBoardStore/boards/Xilinx/zcu670ld/1.0/board.xml as part xczu57dr-fsve1156-2-i specified in board_part file is either invalid or not available
Scanning sources...
Finished scanning sources
INFO: [IP_Flow 19-234] Refreshing IP repositories
INFO: [IP_Flow 19-1700] Loaded user IP repository 'c:/Users/Al-YeeTan/Downloads/FrontPanel-Vivado-IP-Dist-v1.0.3/FrontPanel-Vivado-IP-Dist-v1.0.3'.
INFO: [IP_Flow 19-2313] Loaded Vivado IP repository 'C:/Xilinx/Vivado/2023.2/patches/AR000035847_Vivado_2023_2_preliminary_rev1/vivado/data/ip'.
INFO: [IP_Flow 19-2313] Loaded Vivado IP repository 'C:/Xilinx/Vivado/2023.2/data/ip'.
open_project: Time (s): cpu = 00:00:18 ; elapsed = 00:00:16 . Memory (MB): peak = 1606.094 ; gain = 385.336
update_compile_order -fileset sources_1
open_hw_manager
connect_hw_server -allow_non_jtag
INFO: [Labtools 27-2285] Connecting to hw_server url TCP:localhost:3121
INFO: [Labtools 27-2222] Launching hw_server...
INFO: [Labtools 27-2221] Launch Output:
ECHO is off.
ECHO is off.

****** Xilinx hw_server v2023.2
  **** Build date : Oct 13 2023 at 21:31:40
    ** Copyright 1986-2022 Xilinx, Inc. All Rights Reserved.


INFO: [Labtools 27-3415] Connecting to cs_server url TCP:localhost:0
INFO: [Labtools 27-3417] Launching cs_server...
INFO: [Labtools 27-2221] Launch Output:
ECHO is off.
ECHO is off.


******** Xilinx cs_server v2023.2.0
  ****** Build date   : Oct 10 2023-12:01:56
    **** Build number : 2023.2.1696910516
      ** Copyright 2017-2022 Xilinx, Inc. All Rights Reserved.
      ** Copyright 2022-2024 Advanced Micro Devices, Inc. All Rights Reserved.



connect_hw_server: Time (s): cpu = 00:00:00 ; elapsed = 00:00:06 . Memory (MB): peak = 1653.734 ; gain = 0.000
open_hw_target
INFO: [Labtoolstcl 44-466] Opening hw_target localhost:3121/xilinx_tcf/Digilent/210512180081
set_property PROGRAM.FILE {C:/Users/Al-YeeTan/Desktop/CSI 2.5G MIPI/au25p_mipi_csi_2-5g/MIPI_loopback_2-5g.runs/impl_1/mipi_block_top_wrapper.bit} [get_hw_devices xcau25p_0]
set_property PROBES.FILE {C:/Users/Al-YeeTan/Desktop/CSI 2.5G MIPI/au25p_mipi_csi_2-5g/MIPI_loopback_2-5g.runs/impl_1/mipi_block_top_wrapper.ltx} [get_hw_devices xcau25p_0]
set_property FULL_PROBES.FILE {C:/Users/Al-YeeTan/Desktop/CSI 2.5G MIPI/au25p_mipi_csi_2-5g/MIPI_loopback_2-5g.runs/impl_1/mipi_block_top_wrapper.ltx} [get_hw_devices xcau25p_0]
current_hw_device [get_hw_devices xcau25p_0]
refresh_hw_device [lindex [get_hw_devices xcau25p_0] 0]
INFO: [Labtools 27-2302] Device xcau25p (JTAG device index = 0) is programmed with a design that has 3 ILA core(s).
INFO: [Labtools 27-2302] Device xcau25p (JTAG device index = 0) is programmed with a design that has 1 JTAG AXI core(s).
INFO: [Labtools 27-2302] Device xcau25p (JTAG device index = 0) is programmed with a design that has 1 VIO core(s).
display_hw_ila_data [ get_hw_ila_data hw_ila_data_1 -of_objects [get_hw_ilas -of_objects [get_hw_devices xcau25p_0] -filter {CELL_NAME=~"mipi_block_top_i/system_ila_0/inst/ila_lib"}]]
display_hw_ila_data [ get_hw_ila_data hw_ila_data_2 -of_objects [get_hw_ilas -of_objects [get_hw_devices xcau25p_0] -filter {CELL_NAME=~"u_ila_0"}]]
display_hw_ila_data [ get_hw_ila_data hw_ila_data_3 -of_objects [get_hw_ilas -of_objects [get_hw_devices xcau25p_0] -filter {CELL_NAME=~"u_ila_1"}]]
add_wave -into {hw_ila_data_1.wcfg} -radix hex { {mipi_block_top_i/system_ila_0/inst/probe3_1} {mipi_block_top_i/system_ila_0/inst/probe1_1} {mipi_block_top_i/system_ila_0/inst/probe5_1} {mipi_block_top_i/system_ila_0/inst/probe0_1} {mipi_block_top_i/system_ila_0/inst/probe4_1} {mipi_block_top_i/system_ila_0/inst/probe2_1} }
set_property NAME.CUSTOM error_cnt [get_hw_probes mipi_block_top_i/system_ila_0/inst/probe3_1] 
set_property NAME.CUSTOM golden_data [get_hw_probes mipi_block_top_i/system_ila_0/inst/probe1_1] 
set_property NAME.CUSTOM mipi_csi2_rx_subsyst_0_frame_rcvd_pulse_out [get_hw_probes mipi_block_top_i/system_ila_0/inst/probe5_1] 
set_property NAME.CUSTOM mipi_csi2_rx_subsyst_0_video_out_tdata1 [get_hw_probes mipi_block_top_i/system_ila_0/inst/probe0_1] 
set_property NAME.CUSTOM mipi_csi2_rx_subsyst_0_video_out_tvalid [get_hw_probes mipi_block_top_i/system_ila_0/inst/probe4_1] 
set_property NAME.CUSTOM mipi_top_0_rx_unpack_data [get_hw_probes mipi_block_top_i/system_ila_0/inst/probe2_1] 
run_hw_ila [get_hw_ilas -of_objects [get_hw_devices xcau25p_0] -filter {CELL_NAME=~"mipi_block_top_i/system_ila_0/inst/ila_lib"}]
INFO: [Labtools 27-1964] The ILA core 'hw_ila_1' trigger was armed at 2024-Feb-06 15:25:18
run_hw_ila [get_hw_ilas -of_objects [get_hw_devices xcau25p_0] -filter {CELL_NAME=~"u_ila_0"}]
ERROR: [Labtools 27-3428] Ila core [hw_ila_2] clock has stopped. Unable to arm ILA core.
run_hw_ila [get_hw_ilas -of_objects [get_hw_devices xcau25p_0] -filter {CELL_NAME=~"u_ila_0"}]
ERROR: [Labtools 27-3428] Ila core [hw_ila_2] clock has stopped. Unable to arm ILA core.
run_hw_ila [get_hw_ilas -of_objects [get_hw_devices xcau25p_0] -filter {CELL_NAME=~"u_ila_0"}]
ERROR: [Labtools 27-3428] Ila core [hw_ila_2] clock has stopped. Unable to arm ILA core.
save_wave_config {C:/Users/Al-YeeTan/Desktop/CSI 2.5G MIPI/au25p_mipi_csi_2-5g/MIPI_loopback_2-5g.hw/hw_1/wave/hw_ila_data_1/hw_ila_data_1.wcfg}
save_wave_config {C:/Users/Al-YeeTan/Desktop/CSI 2.5G MIPI/au25p_mipi_csi_2-5g/MIPI_loopback_2-5g.hw/hw_1/wave/hw_ila_data_2/hw_ila_data_2.wcfg}
save_wave_config {C:/Users/Al-YeeTan/Desktop/CSI 2.5G MIPI/au25p_mipi_csi_2-5g/MIPI_loopback_2-5g.hw/hw_1/wave/hw_ila_data_3/hw_ila_data_3.wcfg}
set_property OUTPUT_VALUE 0 [get_hw_probes mipi_block_top_i/clk_wiz_0_locked -of_objects [get_hw_vios -of_objects [get_hw_devices xcau25p_0] -filter {CELL_NAME=~"mipi_block_top_i/vio_0"}]]
commit_hw_vio [get_hw_probes {mipi_block_top_i/clk_wiz_0_locked} -of_objects [get_hw_vios -of_objects [get_hw_devices xcau25p_0] -filter {CELL_NAME=~"mipi_block_top_i/vio_0"}]]
set_property OUTPUT_VALUE 1 [get_hw_probes mipi_block_top_i/clk_wiz_0_locked -of_objects [get_hw_vios -of_objects [get_hw_devices xcau25p_0] -filter {CELL_NAME=~"mipi_block_top_i/vio_0"}]]
commit_hw_vio [get_hw_probes {mipi_block_top_i/clk_wiz_0_locked} -of_objects [get_hw_vios -of_objects [get_hw_devices xcau25p_0] -filter {CELL_NAME=~"mipi_block_top_i/vio_0"}]]
run_hw_ila [get_hw_ilas -of_objects [get_hw_devices xcau25p_0] -filter {CELL_NAME=~"u_ila_0"}]
ERROR: [Labtools 27-3428] Ila core [hw_ila_2] clock has stopped. Unable to arm ILA core.
run_hw_ila [get_hw_ilas -of_objects [get_hw_devices xcau25p_0] -filter {CELL_NAME=~"u_ila_1"}]
INFO: [Labtools 27-1964] The ILA core 'hw_ila_3' trigger was armed at 2024-Feb-06 15:25:53
wait_on_hw_ila [get_hw_ilas -of_objects [get_hw_devices xcau25p_0] -filter {CELL_NAME=~"u_ila_1"}]
display_hw_ila_data [upload_hw_ila_data [get_hw_ilas -of_objects [get_hw_devices xcau25p_0] -filter {CELL_NAME=~"u_ila_1"}]]
INFO: [Labtools 27-1966] The ILA core 'hw_ila_3' triggered at 2024-Feb-06 15:25:53
INFO: [Labtools 27-3304] ILA Waveform data saved to file C:/Users/Al-YeeTan/Desktop/CSI 2.5G MIPI/au25p_mipi_csi_2-5g/MIPI_loopback_2-5g.hw/backup/hw_ila_data_3.ila. Use Tcl command 'read_hw_ila_data' or Vivado File->Import->Import ILA Data menu item to import the previously saved data.
add_wave -into {hw_ila_data_3.wcfg} -radix hex { {mipi_block_top_i/mipi_csi2_rx_subsyst_0/inst/phy_rx_mipi_ppi_if_DL0_STOPSTATE} {mipi_block_top_i/mipi_csi2_rx_subsyst_0/inst/phy_rx_mipi_ppi_if_DL1_STOPSTATE} {mipi_block_top_i/mipi_csi2_rx_subsyst_0/inst/phy_rx_mipi_ppi_if_DL2_STOPSTATE} {mipi_block_top_i/mipi_csi2_rx_subsyst_0/inst/phy_rx_mipi_ppi_if_DL3_STOPSTATE} }
add_wave -into {hw_ila_data_2.wcfg} -radix hex { {mipi_block_top_i/mipi_csi2_rx_subsyst_0/inst/phy_rx_mipi_ppi_if_DL0_RXACTIVEHS} {mipi_block_top_i/mipi_csi2_rx_subsyst_0/inst/phy_rx_mipi_ppi_if_DL0_RXDATAHS} {mipi_block_top_i/mipi_csi2_rx_subsyst_0/inst/phy_rx_mipi_ppi_if_DL0_RXVALIDHS} {mipi_block_top_i/mipi_csi2_rx_subsyst_0/inst/phy_rx_mipi_ppi_if_DL1_RXACTIVEHS} {mipi_block_top_i/mipi_csi2_rx_subsyst_0/inst/phy_rx_mipi_ppi_if_DL1_RXDATAHS} {mipi_block_top_i/mipi_csi2_rx_subsyst_0/inst/phy_rx_mipi_ppi_if_DL1_RXVALIDHS} {mipi_block_top_i/mipi_csi2_rx_subsyst_0/inst/phy_rx_mipi_ppi_if_DL2_RXACTIVEHS} {mipi_block_top_i/mipi_csi2_rx_subsyst_0/inst/phy_rx_mipi_ppi_if_DL2_RXDATAHS} {mipi_block_top_i/mipi_csi2_rx_subsyst_0/inst/phy_rx_mipi_ppi_if_DL2_RXVALIDHS} {mipi_block_top_i/mipi_csi2_rx_subsyst_0/inst/phy_rx_mipi_ppi_if_DL3_RXACTIVEHS} {mipi_block_top_i/mipi_csi2_rx_subsyst_0/inst/phy_rx_mipi_ppi_if_DL3_RXDATAHS} {mipi_block_top_i/mipi_csi2_rx_subsyst_0/inst/phy_rx_mipi_ppi_if_DL3_RXVALIDHS} }
run_hw_ila [get_hw_ilas -of_objects [get_hw_devices xcau25p_0] -filter {CELL_NAME=~"u_ila_0"}] -trigger_now
ERROR: [Labtools 27-3428] Ila core [hw_ila_2] clock has stopped. Unable to arm ILA core.
set_property PROBES.FILE {C:/Users/Al-YeeTan/Desktop/CSI 2.5G MIPI/au25p_mipi_csi_2-5g/MIPI_loopback_2-5g.runs/impl_1/mipi_block_top_wrapper.ltx} [get_hw_devices xcau25p_0]
set_property FULL_PROBES.FILE {C:/Users/Al-YeeTan/Desktop/CSI 2.5G MIPI/au25p_mipi_csi_2-5g/MIPI_loopback_2-5g.runs/impl_1/mipi_block_top_wrapper.ltx} [get_hw_devices xcau25p_0]
set_property PROGRAM.FILE {C:/Users/Al-YeeTan/Desktop/CSI 2.5G MIPI/au25p_mipi_csi_2-5g/MIPI_loopback_2-5g.runs/impl_1/mipi_block_top_wrapper.bit} [get_hw_devices xcau25p_0]
program_hw_devices [get_hw_devices xcau25p_0]
INFO: [Labtools 27-3164] End of startup status: HIGH
program_hw_devices: Time (s): cpu = 00:00:12 ; elapsed = 00:00:13 . Memory (MB): peak = 1735.035 ; gain = 0.000
refresh_hw_device [lindex [get_hw_devices xcau25p_0] 0]
INFO: [Labtools 27-2302] Device xcau25p (JTAG device index = 0) is programmed with a design that has 3 ILA core(s).
INFO: [Labtools 27-2302] Device xcau25p (JTAG device index = 0) is programmed with a design that has 1 JTAG AXI core(s).
INFO: [Labtools 27-2302] Device xcau25p (JTAG device index = 0) is programmed with a design that has 1 VIO core(s).
run_hw_ila [get_hw_ilas -of_objects [get_hw_devices xcau25p_0] -filter {CELL_NAME=~"mipi_block_top_i/system_ila_0/inst/ila_lib"}]
INFO: [Labtools 27-1964] The ILA core 'hw_ila_1' trigger was armed at 2024-Feb-06 15:26:55
run_hw_ila [get_hw_ilas -of_objects [get_hw_devices xcau25p_0] -filter {CELL_NAME=~"u_ila_0"}]
ERROR: [Labtools 27-3428] Ila core [hw_ila_2] clock has stopped. Unable to arm ILA core.
run_hw_ila [get_hw_ilas -of_objects [get_hw_devices xcau25p_0] -filter {CELL_NAME=~"u_ila_0"}]
INFO: [Labtools 27-1964] The ILA core 'hw_ila_2' trigger was armed at 2024-Feb-06 15:27:06
run_hw_ila [get_hw_ilas -of_objects [get_hw_devices xcau25p_0] -filter {CELL_NAME=~"u_ila_1"}]
INFO: [Labtools 27-1964] The ILA core 'hw_ila_3' trigger was armed at 2024-Feb-06 15:27:08
wait_on_hw_ila [get_hw_ilas -of_objects [get_hw_devices xcau25p_0] -filter {CELL_NAME=~"mipi_block_top_i/system_ila_0/inst/ila_lib"}]
display_hw_ila_data [upload_hw_ila_data [get_hw_ilas -of_objects [get_hw_devices xcau25p_0] -filter {CELL_NAME=~"mipi_block_top_i/system_ila_0/inst/ila_lib"}]]
INFO: [Labtools 27-1966] The ILA core 'hw_ila_1' triggered at 2024-Feb-06 15:27:11
INFO: [Labtools 27-3304] ILA Waveform data saved to file C:/Users/Al-YeeTan/Desktop/CSI 2.5G MIPI/au25p_mipi_csi_2-5g/MIPI_loopback_2-5g.hw/backup/hw_ila_data_1.ila. Use Tcl command 'read_hw_ila_data' or Vivado File->Import->Import ILA Data menu item to import the previously saved data.
wait_on_hw_ila [get_hw_ilas -of_objects [get_hw_devices xcau25p_0] -filter {CELL_NAME=~"u_ila_0"}]\
  [get_hw_ilas -of_objects [get_hw_devices xcau25p_0] -filter {CELL_NAME=~"u_ila_1"}]
display_hw_ila_data [upload_hw_ila_data [get_hw_ilas -of_objects [get_hw_devices xcau25p_0] -filter {CELL_NAME=~"u_ila_0"}]]
INFO: [Labtools 27-1966] The ILA core 'hw_ila_2' triggered at 2024-Feb-06 15:27:12
INFO: [Labtools 27-3304] ILA Waveform data saved to file C:/Users/Al-YeeTan/Desktop/CSI 2.5G MIPI/au25p_mipi_csi_2-5g/MIPI_loopback_2-5g.hw/backup/hw_ila_data_2.ila. Use Tcl command 'read_hw_ila_data' or Vivado File->Import->Import ILA Data menu item to import the previously saved data.
display_hw_ila_data [upload_hw_ila_data [get_hw_ilas -of_objects [get_hw_devices xcau25p_0] -filter {CELL_NAME=~"u_ila_1"}]]
INFO: [Labtools 27-1966] The ILA core 'hw_ila_3' triggered at 2024-Feb-06 15:27:12
INFO: [Labtools 27-3304] ILA Waveform data saved to file C:/Users/Al-YeeTan/Desktop/CSI 2.5G MIPI/au25p_mipi_csi_2-5g/MIPI_loopback_2-5g.hw/backup/hw_ila_data_3.ila. Use Tcl command 'read_hw_ila_data' or Vivado File->Import->Import ILA Data menu item to import the previously saved data.
write_hw_ila_data {C:\Users\Al-YeeTan\Desktop\CSI 2.5G MIPI\Waveform\iladata1.ila} hw_ila_data_1
C:/Users/Al-YeeTan/Desktop/CSI 2.5G MIPI/Waveform/iladata1.ila
write_hw_ila_data {C:\Users\Al-YeeTan\Desktop\CSI 2.5G MIPI\Waveform\iladata2.ila} hw_ila_data_2
C:/Users/Al-YeeTan/Desktop/CSI 2.5G MIPI/Waveform/iladata2.ila
write_hw_ila_data {C:\Users\Al-YeeTan\Desktop\CSI 2.5G MIPI\Waveform\iladata3.ila} hw_ila_data_3
C:/Users/Al-YeeTan/Desktop/CSI 2.5G MIPI/Waveform/iladata3.ila
ERROR: [Labtoolstcl 44-513] HW Target shutdown. Closing target: localhost:3121/xilinx_tcf/Digilent/210512180081
exit
INFO: [Common 17-206] Exiting Vivado at Tue Feb  6 15:31:20 2024...
